<beans xmlns="http://www.springframework.org/schema/beans" xmlns:xsi="http://www.w3.org/2001/XMLSchema-instance"
    xsi:schemaLocation="http://www.springframework.org/schema/beans http://www.springframework.org/schema/beans/spring-beans-3.0.xsd"
    default-autowire="no">

  <import resource="classpath:/test-db-config.xml" />
  <import resource="classpath:META-INF/spring/hibernate.xml" />
  <import resource="classpath:META-INF/spring/beans.xml" />

</beans>
